----------------------------------------------
input_file: input/tsukuba_
output_file: output/tsukuba_0_3_1.bmp
label_size: 15
lambda: 3
T: 1.00
Data term: Dt
Energy (before): 100595.312500
Energy (after): 13588.781250
Run time[10.69]
Error rate : 10.727720
----------------------------------------------
input_file: input/tsukuba_
output_file: output/tsukuba_0_3_2.bmp
label_size: 15
lambda: 3
T: 4.00
Data term: Dt
Energy (before): 100595.312500
Energy (after): 27859.250000
Run time[9.40]
Error rate : 15.628617
----------------------------------------------
input_file: input/tsukuba_
output_file: output/tsukuba_0_3_3.bmp
label_size: 15
lambda: 3
T: 9.00
Data term: Dt
Energy (before): 100595.312500
Energy (after): 30172.906250
Run time[9.02]
Error rate : 16.909903
----------------------------------------------
input_file: input/tsukuba_
output_file: output/tsukuba_0_3_4.bmp
label_size: 15
lambda: 3
T: 16.00
Data term: Dt
Energy (before): 100595.312500
Energy (after): 30172.906250
Run time[9.93]
Error rate : 16.909903
----------------------------------------------
input_file: input/tsukuba_
output_file: output/tsukuba_0_3_5.bmp
label_size: 15
lambda: 3
T: 25.00
Data term: Dt
Energy (before): 100595.312500
Energy (after): 30172.906250
Run time[10.49]
Error rate : 16.909903
----------------------------------------------
input_file: input/tsukuba_
output_file: output/tsukuba_0_3_6.bmp
label_size: 15
lambda: 3
T: 36.00
Data term: Dt
Energy (before): 100595.312500
Energy (after): 30172.906250
Run time[10.97]
Error rate : 16.909903
----------------------------------------------
input_file: input/tsukuba_
output_file: output/tsukuba_0_3_7.bmp
label_size: 15
lambda: 3
T: 49.00
Data term: Dt
Energy (before): 100595.312500
Energy (after): 30172.906250
Run time[11.47]
Error rate : 16.909903
----------------------------------------------
input_file: input/tsukuba_
output_file: output/tsukuba_0_3_8.bmp
label_size: 15
lambda: 3
T: 64.00
Data term: Dt
Energy (before): 100595.312500
Energy (after): 30172.906250
Run time[11.35]
Error rate : 16.909903
