----------------------------------------------
input_file: input/tsukuba_
output_file: output/tsukuba_1_1.bmp
label_size: 15
lambda: 1
T: 1.00
height 288, width 384
Energy (before): 139094.000000
Energy 23615.000000
Energy 23056.000000
Energy 23055.000000
Energy 23055.000000
Energy (after): 23055.000000
Run time[7.64]
iteration: 48
Error rate : 9.141710
----------------------------------------------
input_file: input/tsukuba_
output_file: output/tsukuba_2_1.bmp
label_size: 15
lambda: 2
T: 1.00
height 288, width 384
Energy (before): 139094.000000
Energy 28681.000000
Energy 27405.000000
Energy 27405.000000
Energy (after): 27405.000000
Run time[7.44]
iteration: 46
Error rate : 9.472656
----------------------------------------------
input_file: input/tsukuba_
output_file: output/tsukuba_3_1.bmp
label_size: 15
lambda: 3
T: 1.00
height 288, width 384
Energy (before): 139094.000000
Energy 32591.000000
Energy 30525.000000
Energy 30525.000000
Energy (after): 30525.000000
Run time[7.13]
iteration: 43
Error rate : 10.805483
----------------------------------------------
input_file: input/tsukuba_
output_file: output/tsukuba_4_1.bmp
label_size: 15
lambda: 4
T: 1.00
height 288, width 384
Energy (before): 139094.000000
Energy 35622.000000
Energy 33186.000000
Energy 33186.000000
Energy (after): 33186.000000
Run time[6.94]
iteration: 40
Error rate : 11.247649
----------------------------------------------
input_file: input/tsukuba_
output_file: output/tsukuba_5_1.bmp
label_size: 15
lambda: 5
T: 1.00
height 288, width 384
Energy (before): 139094.000000
Energy 37951.000000
Energy 35439.000000
Energy 35439.000000
Energy (after): 35439.000000
Run time[6.58]
iteration: 37
Error rate : 11.693432
----------------------------------------------
input_file: input/tsukuba_
output_file: output/tsukuba_6_1.bmp
label_size: 15
lambda: 6
T: 1.00
height 288, width 384
Energy (before): 139094.000000
Energy 40431.000000
Energy 37566.000000
Energy 37566.000000
Energy (after): 37566.000000
Run time[6.80]
iteration: 37
Error rate : 13.429543
----------------------------------------------
input_file: input/tsukuba_
output_file: output/tsukuba_7_1.bmp
label_size: 15
lambda: 7
T: 1.00
height 288, width 384
Energy (before): 139094.000000
Energy 42808.000000
Energy 40194.000000
Energy 40194.000000
Energy (after): 40194.000000
Run time[7.40]
iteration: 39
Error rate : 14.540835
----------------------------------------------
input_file: input/tsukuba_
output_file: output/tsukuba_1_2.bmp
label_size: 15
lambda: 1
T: 2.00
height 288, width 384
Energy (before): 139094.000000
Energy 26349.000000
Energy 25897.000000
Energy 25885.000000
Energy 25885.000000
Energy (after): 25885.000000
Run time[8.18]
iteration: 53
Error rate : 8.798105
----------------------------------------------
input_file: input/tsukuba_
output_file: output/tsukuba_2_2.bmp
label_size: 15
lambda: 2
T: 2.00
height 288, width 384
Energy (before): 139094.000000
Energy 32892.000000
Energy 31708.000000
Energy 31708.000000
Energy (after): 31708.000000
Run time[7.31]
iteration: 44
Error rate : 9.738498
----------------------------------------------
input_file: input/tsukuba_
output_file: output/tsukuba_3_2.bmp
label_size: 15
lambda: 3
T: 2.00
height 288, width 384
Energy (before): 139094.000000
Energy 38146.000000
Energy 36117.000000
Energy 36117.000000
Energy (after): 36117.000000
Run time[6.88]
iteration: 41
Error rate : 13.390661
----------------------------------------------
input_file: input/tsukuba_
output_file: output/tsukuba_4_2.bmp
label_size: 15
lambda: 4
T: 2.00
height 288, width 384
Energy (before): 139094.000000
Energy 42305.000000
Energy 40088.000000
Energy 40088.000000
Energy (after): 40088.000000
Run time[7.58]
iteration: 41
Error rate : 13.935004
----------------------------------------------
input_file: input/tsukuba_
output_file: output/tsukuba_5_2.bmp
label_size: 15
lambda: 5
T: 2.00
height 288, width 384
Energy (before): 139094.000000
Energy 46457.000000
Energy 43577.000000
Energy 43577.000000
Energy (after): 43577.000000
Run time[7.20]
iteration: 37
Error rate : 15.548141
----------------------------------------------
input_file: input/tsukuba_
output_file: output/tsukuba_6_2.bmp
label_size: 15
lambda: 6
T: 2.00
height 288, width 384
Energy (before): 139094.000000
Energy 50390.000000
Energy 46992.000000
Energy 46992.000000
Energy (after): 46992.000000
Run time[7.39]
iteration: 37
Error rate : 16.236256
----------------------------------------------
input_file: input/tsukuba_
output_file: output/tsukuba_7_2.bmp
label_size: 15
lambda: 7
T: 2.00
height 288, width 384
Energy (before): 139094.000000
Energy 53938.000000
Energy 49882.000000
Energy 49882.000000
Energy (after): 49882.000000
Run time[7.12]
iteration: 32
Error rate : 16.776982
----------------------------------------------
input_file: input/tsukuba_
output_file: output/tsukuba_1_3.bmp
label_size: 15
lambda: 1
T: 3.00
height 288, width 384
Energy (before): 139094.000000
Energy 28043.000000
Energy 27831.000000
Energy 27829.000000
Energy 27829.000000
Energy (after): 27829.000000
Run time[8.81]
iteration: 57
Error rate : 8.617260
----------------------------------------------
input_file: input/tsukuba_
output_file: output/tsukuba_2_3.bmp
label_size: 15
lambda: 2
T: 3.00
height 288, width 384
Energy (before): 139094.000000
Energy 35771.000000
Energy 34926.000000
Energy 34926.000000
Energy (after): 34926.000000
Run time[6.95]
iteration: 41
Error rate : 12.015336
----------------------------------------------
input_file: input/tsukuba_
output_file: output/tsukuba_3_3.bmp
label_size: 15
lambda: 3
T: 3.00
height 288, width 384
Energy (before): 139094.000000
Energy 41535.000000
Energy 40635.000000
Energy 40451.000000
Energy 40451.000000
Energy (after): 40451.000000
Run time[8.24]
iteration: 48
Error rate : 13.135670
----------------------------------------------
input_file: input/tsukuba_
output_file: output/tsukuba_4_3.bmp
label_size: 15
lambda: 4
T: 3.00
height 288, width 384
Energy (before): 139094.000000
Energy 46884.000000
Energy 45006.000000
Energy 45006.000000
Energy (after): 45006.000000
Run time[7.14]
iteration: 39
Error rate : 14.945927
----------------------------------------------
input_file: input/tsukuba_
output_file: output/tsukuba_5_3.bmp
label_size: 15
lambda: 5
T: 3.00
height 288, width 384
Energy (before): 139094.000000
Energy 51790.000000
Energy 49371.000000
Energy 49371.000000
Energy (after): 49371.000000
Run time[6.37]
iteration: 32
Error rate : 17.108832
----------------------------------------------
input_file: input/tsukuba_
output_file: output/tsukuba_6_3.bmp
label_size: 15
lambda: 6
T: 3.00
height 288, width 384
Energy (before): 139094.000000
Energy 56292.000000
Energy 53290.000000
Energy 53290.000000
Energy (after): 53290.000000
Run time[6.79]
iteration: 32
Error rate : 17.941623
----------------------------------------------
input_file: input/tsukuba_
output_file: output/tsukuba_7_3.bmp
label_size: 15
lambda: 7
T: 3.00
height 288, width 384
Energy (before): 139094.000000
Energy 60230.000000
Energy 56648.000000
Energy 56648.000000
Energy (after): 56648.000000
Run time[7.42]
iteration: 32
Error rate : 20.601852
----------------------------------------------
input_file: input/tsukuba_
output_file: output/tsukuba_1_4.bmp
label_size: 15
lambda: 1
T: 4.00
height 288, width 384
Energy (before): 139094.000000
Energy 29297.000000
Energy 29186.000000
Energy 29186.000000
Energy (after): 29186.000000
Run time[7.44]
iteration: 47
Error rate : 8.489764
----------------------------------------------
input_file: input/tsukuba_
output_file: output/tsukuba_2_4.bmp
label_size: 15
lambda: 2
T: 4.00
height 288, width 384
Energy (before): 139094.000000
Energy 37608.000000
Energy 37309.000000
Energy 37309.000000
Energy (after): 37309.000000
Run time[6.92]
iteration: 41
Error rate : 11.688006
----------------------------------------------
input_file: input/tsukuba_
output_file: output/tsukuba_3_4.bmp
label_size: 15
lambda: 3
T: 4.00
height 288, width 384
Energy (before): 139094.000000
Energy 43897.000000
Energy 43892.000000
Energy 43892.000000
Energy (after): 43892.000000
Run time[7.24]
iteration: 41
Error rate : 13.109447
----------------------------------------------
input_file: input/tsukuba_
output_file: output/tsukuba_4_4.bmp
label_size: 15
lambda: 4
T: 4.00
height 288, width 384
Energy (before): 139094.000000
Energy 49453.000000
Energy 49453.000000
Energy (after): 49453.000000
Run time[5.93]
iteration: 30
Error rate : 15.196398
----------------------------------------------
input_file: input/tsukuba_
output_file: output/tsukuba_5_4.bmp
label_size: 15
lambda: 5
T: 4.00
height 288, width 384
Energy (before): 139094.000000
Energy 54963.000000
Energy 54963.000000
Energy (after): 54963.000000
Run time[5.92]
iteration: 27
Error rate : 18.494104
----------------------------------------------
input_file: input/tsukuba_
output_file: output/tsukuba_6_4.bmp
label_size: 15
lambda: 6
T: 4.00
height 288, width 384
Energy (before): 139094.000000
Energy 59074.000000
Energy 59074.000000
Energy (after): 59074.000000
Run time[6.02]
iteration: 27
Error rate : 20.849609
----------------------------------------------
input_file: input/tsukuba_
output_file: output/tsukuba_7_4.bmp
label_size: 15
lambda: 7
T: 4.00
height 288, width 384
Energy (before): 139094.000000
Energy 62949.000000
Energy 62949.000000
Energy (after): 62949.000000
Run time[6.41]
iteration: 27
Error rate : 20.845088
----------------------------------------------
input_file: input/tsukuba_
output_file: output/tsukuba_1_5.bmp
label_size: 15
lambda: 1
T: 5.00
height 288, width 384
Energy (before): 139094.000000
Energy 30074.000000
Energy 30004.000000
Energy 30003.000000
Energy 30003.000000
Energy (after): 30003.000000
Run time[8.34]
iteration: 54
Error rate : 8.755606
----------------------------------------------
input_file: input/tsukuba_
output_file: output/tsukuba_2_5.bmp
label_size: 15
lambda: 2
T: 5.00
height 288, width 384
Energy (before): 139094.000000
Energy 38905.000000
Energy 38620.000000
Energy 38620.000000
Energy (after): 38620.000000
Run time[7.50]
iteration: 42
Error rate : 11.462854
----------------------------------------------
input_file: input/tsukuba_
output_file: output/tsukuba_3_5.bmp
label_size: 15
lambda: 3
T: 5.00
height 288, width 384
Energy (before): 139094.000000
Energy 45373.000000
Energy 45373.000000
Energy (after): 45373.000000
Run time[5.63]
iteration: 30
Error rate : 15.527344
----------------------------------------------
input_file: input/tsukuba_
output_file: output/tsukuba_4_5.bmp
label_size: 15
lambda: 4
T: 5.00
height 288, width 384
Energy (before): 139094.000000
Energy 50359.000000
Energy 50359.000000
Energy (after): 50359.000000
Run time[5.33]
iteration: 27
Error rate : 18.066406
----------------------------------------------
input_file: input/tsukuba_
output_file: output/tsukuba_5_5.bmp
label_size: 15
lambda: 5
T: 5.00
height 288, width 384
Energy (before): 139094.000000
Energy 55700.000000
Energy 55700.000000
Energy (after): 55700.000000
Run time[5.68]
iteration: 27
Error rate : 19.631619
----------------------------------------------
input_file: input/tsukuba_
output_file: output/tsukuba_6_5.bmp
label_size: 15
lambda: 6
T: 5.00
height 288, width 384
Energy (before): 139094.000000
Energy 59447.000000
Energy 59447.000000
Energy (after): 59447.000000
Run time[6.35]
iteration: 27
Error rate : 20.988860
----------------------------------------------
input_file: input/tsukuba_
output_file: output/tsukuba_7_5.bmp
label_size: 15
lambda: 7
T: 5.00
height 288, width 384
Energy (before): 139094.000000
Energy 63351.000000
Energy 63351.000000
Energy (after): 63351.000000
Run time[6.57]
iteration: 27
Error rate : 20.984339
----------------------------------------------
input_file: input/tsukuba_
output_file: output/tsukuba_1_6.bmp
label_size: 15
lambda: 1
T: 6.00
height 288, width 384
Energy (before): 139094.000000
Energy 30729.000000
Energy 30613.000000
Energy 30608.000000
Energy 30608.000000
Energy (after): 30608.000000
Run time[8.74]
iteration: 54
Error rate : 8.827040
----------------------------------------------
input_file: input/tsukuba_
output_file: output/tsukuba_2_6.bmp
label_size: 15
lambda: 2
T: 6.00
height 288, width 384
Energy (before): 139094.000000
Energy 39918.000000
Energy 39677.000000
Energy 39677.000000
Energy (after): 39677.000000
Run time[7.54]
iteration: 42
Error rate : 12.343569
----------------------------------------------
input_file: input/tsukuba_
output_file: output/tsukuba_3_6.bmp
label_size: 15
lambda: 3
T: 6.00
height 288, width 384
Energy (before): 139094.000000
Energy 46115.000000
Energy 46115.000000
Energy (after): 46115.000000
Run time[5.76]
iteration: 27
Error rate : 17.627857
----------------------------------------------
input_file: input/tsukuba_
output_file: output/tsukuba_4_6.bmp
label_size: 15
lambda: 4
T: 6.00
height 288, width 384
Energy (before): 139094.000000
Energy 50400.000000
Energy 50400.000000
Energy (after): 50400.000000
Run time[5.45]
iteration: 27
Error rate : 18.200231
----------------------------------------------
input_file: input/tsukuba_
output_file: output/tsukuba_5_6.bmp
label_size: 15
lambda: 5
T: 6.00
height 288, width 384
Energy (before): 139094.000000
Energy 55700.000000
Energy 55700.000000
Energy (after): 55700.000000
Run time[5.84]
iteration: 27
Error rate : 19.631619
----------------------------------------------
input_file: input/tsukuba_
output_file: output/tsukuba_6_6.bmp
label_size: 15
lambda: 6
T: 6.00
height 288, width 384
Energy (before): 139094.000000
Energy 59447.000000
Energy 59447.000000
Energy (after): 59447.000000
Run time[6.26]
iteration: 27
Error rate : 20.988860
----------------------------------------------
input_file: input/tsukuba_
output_file: output/tsukuba_7_6.bmp
label_size: 15
lambda: 7
T: 6.00
height 288, width 384
Energy (before): 139094.000000
Energy 63351.000000
Energy 63351.000000
Energy (after): 63351.000000
Run time[6.44]
iteration: 27
Error rate : 20.984339
----------------------------------------------
input_file: input/tsukuba_
output_file: output/tsukuba_1_7.bmp
label_size: 15
lambda: 1
T: 7.00
height 288, width 384
Energy (before): 139094.000000
Energy 31333.000000
Energy 31220.000000
Energy 31209.000000
Energy 31209.000000
Energy (after): 31209.000000
Run time[9.18]
iteration: 60
Error rate : 9.961842
----------------------------------------------
input_file: input/tsukuba_
output_file: output/tsukuba_2_7.bmp
label_size: 15
lambda: 2
T: 7.00
height 288, width 384
Energy (before): 139094.000000
Energy 40720.000000
Energy 40478.000000
Energy 40478.000000
Energy (after): 40478.000000
Run time[7.90]
iteration: 42
Error rate : 13.325557
----------------------------------------------
input_file: input/tsukuba_
output_file: output/tsukuba_3_7.bmp
label_size: 15
lambda: 3
T: 7.00
height 288, width 384
Energy (before): 139094.000000
Energy 46115.000000
Energy 46115.000000
Energy (after): 46115.000000
Run time[5.26]
iteration: 27
Error rate : 17.627857
----------------------------------------------
input_file: input/tsukuba_
output_file: output/tsukuba_4_7.bmp
label_size: 15
lambda: 4
T: 7.00
height 288, width 384
Energy (before): 139094.000000
Energy 50400.000000
Energy 50400.000000
Energy (after): 50400.000000
Run time[5.52]
iteration: 27
Error rate : 18.200231
----------------------------------------------
input_file: input/tsukuba_
output_file: output/tsukuba_5_7.bmp
label_size: 15
lambda: 5
T: 7.00
height 288, width 384
Energy (before): 139094.000000
Energy 55700.000000
Energy 55700.000000
Energy (after): 55700.000000
Run time[5.90]
iteration: 27
Error rate : 19.631619
----------------------------------------------
input_file: input/tsukuba_
output_file: output/tsukuba_6_7.bmp
label_size: 15
lambda: 6
T: 7.00
height 288, width 384
Energy (before): 139094.000000
Energy 59447.000000
Energy 59447.000000
Energy (after): 59447.000000
Run time[6.24]
iteration: 27
Error rate : 20.988860
----------------------------------------------
input_file: input/tsukuba_
output_file: output/tsukuba_7_7.bmp
label_size: 15
lambda: 7
T: 7.00
height 288, width 384
Energy (before): 139094.000000
Energy 63351.000000
Energy 63351.000000
Energy (after): 63351.000000
Run time[6.77]
iteration: 27
Error rate : 20.984339
----------------------------------------------
input_file: input/tsukuba_
output_file: output/tsukuba_1_8.bmp
label_size: 15
lambda: 1
T: 8.00
height 288, width 384
Energy (before): 139094.000000
Energy 31734.000000
Energy 31629.000000
Energy 31624.000000
Energy 31624.000000
Energy (after): 31624.000000
Run time[9.79]
iteration: 60
Error rate : 9.828921
----------------------------------------------
input_file: input/tsukuba_
output_file: output/tsukuba_2_8.bmp
label_size: 15
lambda: 2
T: 8.00
height 288, width 384
Energy (before): 139094.000000
Energy 41285.000000
Energy 41111.000000
Energy 41111.000000
Energy (after): 41111.000000
Run time[7.82]
iteration: 42
Error rate : 14.411531
----------------------------------------------
input_file: input/tsukuba_
output_file: output/tsukuba_3_8.bmp
label_size: 15
lambda: 3
T: 8.00
height 288, width 384
Energy (before): 139094.000000
Energy 46115.000000
Energy 46115.000000
Energy (after): 46115.000000
Run time[5.26]
iteration: 27
Error rate : 17.627857
----------------------------------------------
input_file: input/tsukuba_
output_file: output/tsukuba_4_8.bmp
label_size: 15
lambda: 4
T: 8.00
height 288, width 384
Energy (before): 139094.000000
Energy 50400.000000
Energy 50400.000000
Energy (after): 50400.000000
Run time[5.54]
iteration: 27
Error rate : 18.200231
----------------------------------------------
input_file: input/tsukuba_
output_file: output/tsukuba_5_8.bmp
label_size: 15
lambda: 5
T: 8.00
height 288, width 384
Energy (before): 139094.000000
Energy 55700.000000
Energy 55700.000000
Energy (after): 55700.000000
Run time[5.68]
iteration: 27
Error rate : 19.631619
----------------------------------------------
input_file: input/tsukuba_
output_file: output/tsukuba_6_8.bmp
label_size: 15
lambda: 6
T: 8.00
height 288, width 384
Energy (before): 139094.000000
Energy 59447.000000
Energy 59447.000000
Energy (after): 59447.000000
Run time[6.08]
iteration: 27
Error rate : 20.988860
----------------------------------------------
input_file: input/tsukuba_
output_file: output/tsukuba_7_8.bmp
label_size: 15
lambda: 7
T: 8.00
height 288, width 384
Energy (before): 139094.000000
Energy 63351.000000
Energy 63351.000000
Energy (after): 63351.000000
Run time[6.64]
iteration: 27
Error rate : 20.984339
